# JRE version: OpenJDK Runtime Environment (8.0_202-b03) (build 1.8.0_202-release-1483-b03)
# Java VM: OpenJDK 64-Bit Server VM (25.202-b03 mixed mode windows-amd64 compressed oops)
Heap:
 PSYoungGen      total 221696K, used 41560K [0x00000000e0000000, 0x00000000f1c80000, 0x0000000100000000)
  eden space 200192K, 10% used [0x00000000e0000000,0x00000000e13993f8,0x00000000ec380000)
  from space 21504K, 99% used [0x00000000ec380000,0x00000000ed87ccb0,0x00000000ed880000)
  to   space 30208K, 0% used [0x00000000eff00000,0x00000000eff00000,0x00000000f1c80000)
 ParOldGen       total 117760K, used 54200K [0x00000000a0000000, 0x00000000a7300000, 0x00000000e0000000)
  object space 117760K, 46% used [0x00000000a0000000,0x00000000a34ee140,0x00000000a7300000)
 Metaspace       used 79120K, capacity 82290K, committed 82520K, reserved 1120256K
  class space    used 10439K, capacity 11084K, committed 11096K, reserved 1048576K
GC Heap History (10 events):
Event: 23.887 GC heap before
{Heap before GC invocations=14 (full 2):
 PSYoungGen      total 146432K, used 133624K [0x00000000e0000000, 0x00000000eca80000, 0x0000000100000000)
  eden space 134656K, 90% used [0x00000000e0000000,0x00000000e76ffbd0,0x00000000e8380000)
  from space 11776K, 99% used [0x00000000e8380000,0x00000000e8efe4d8,0x00000000e8f00000)
  to   space 15872K, 0% used [0x00000000ebb00000,0x00000000ebb00000,0x00000000eca80000)
 ParOldGen       total 73728K, used 24076K [0x00000000a0000000, 0x00000000a4800000, 0x00000000e0000000)
  object space 73728K, 32% used [0x00000000a0000000,0x00000000a1783178,0x00000000a4800000)
 Metaspace       used 57101K, capacity 58980K, committed 59096K, reserved 1099776K
  class space    used 7655K, capacity 8081K, committed 8152K, reserved 1048576K
Event: 23.935 GC heap after
Heap after GC invocations=14 (full 2):
 PSYoungGen      total 188416K, used 13512K [0x00000000e0000000, 0x00000000eca00000, 0x0000000100000000)
  eden space 173056K, 0% used [0x00000000e0000000,0x00000000e0000000,0x00000000ea900000)
  from space 15360K, 87% used [0x00000000ebb00000,0x00000000ec832100,0x00000000eca00000)
  to   space 16896K, 0% used [0x00000000ea900000,0x00000000ea900000,0x00000000eb980000)
 ParOldGen       total 73728K, used 32468K [0x00000000a0000000, 0x00000000a4800000, 0x00000000e0000000)
  object space 73728K, 44% used [0x00000000a0000000,0x00000000a1fb5340,0x00000000a4800000)
 Metaspace       used 57101K, capacity 58980K, committed 59096K, reserved 1099776K
  class space    used 7655K, capacity 8081K, committed 8152K, reserved 1048576K
}
Event: 23.935 GC heap before
{Heap before GC invocations=15 (full 3):
 PSYoungGen      total 188416K, used 13512K [0x00000000e0000000, 0x00000000eca00000, 0x0000000100000000)
  eden space 173056K, 0% used [0x00000000e0000000,0x00000000e0000000,0x00000000ea900000)
  from space 15360K, 87% used [0x00000000ebb00000,0x00000000ec832100,0x00000000eca00000)
  to   space 16896K, 0% used [0x00000000ea900000,0x00000000ea900000,0x00000000eb980000)
 ParOldGen       total 73728K, used 32468K [0x00000000a0000000, 0x00000000a4800000, 0x00000000e0000000)
  object space 73728K, 44% used [0x00000000a0000000,0x00000000a1fb5340,0x00000000a4800000)
 Metaspace       used 57101K, capacity 58980K, committed 59096K, reserved 1099776K
  class space    used 7655K, capacity 8081K, committed 8152K, reserved 1048576K
Event: 24.479 GC heap after
Heap after GC invocations=15 (full 3):
 PSYoungGen      total 188416K, used 0K [0x00000000e0000000, 0x00000000eca00000, 0x0000000100000000)
  eden space 173056K, 0% used [0x00000000e0000000,0x00000000e0000000,0x00000000ea900000)
  from space 15360K, 0% used [0x00000000ebb00000,0x00000000ebb00000,0x00000000eca00000)
  to   space 16896K, 0% used [0x00000000ea900000,0x00000000ea900000,0x00000000eb980000)
 ParOldGen       total 117760K, used 35962K [0x00000000a0000000, 0x00000000a7300000, 0x00000000e0000000)
  object space 117760K, 30% used [0x00000000a0000000,0x00000000a231eac8,0x00000000a7300000)
 Metaspace       used 57063K, capacity 58850K, committed 59096K, reserved 1099776K
  class space    used 7645K, capacity 8066K, committed 8152K, reserved 1048576K
}
Event: 32.407 GC heap before
{Heap before GC invocations=16 (full 3):
 PSYoungGen      total 188416K, used 173056K [0x00000000e0000000, 0x00000000eca00000, 0x0000000100000000)
  eden space 173056K, 100% used [0x00000000e0000000,0x00000000ea900000,0x00000000ea900000)
  from space 15360K, 0% used [0x00000000ebb00000,0x00000000ebb00000,0x00000000eca00000)
  to   space 16896K, 0% used [0x00000000ea900000,0x00000000ea900000,0x00000000eb980000)
 ParOldGen       total 117760K, used 35962K [0x00000000a0000000, 0x00000000a7300000, 0x00000000e0000000)
  object space 117760K, 30% used [0x00000000a0000000,0x00000000a231eac8,0x00000000a7300000)
 Metaspace       used 65142K, capacity 67410K, committed 67672K, reserved 1107968K
  class space    used 8785K, capacity 9270K, committed 9304K, reserved 1048576K
Event: 32.451 GC heap after
Heap after GC invocations=16 (full 3):
 PSYoungGen      total 189952K, used 13445K [0x00000000e0000000, 0x00000000eec00000, 0x0000000100000000)
  eden space 173056K, 0% used [0x00000000e0000000,0x00000000e0000000,0x00000000ea900000)
  from space 16896K, 79% used [0x00000000ea900000,0x00000000eb6215c0,0x00000000eb980000)
  to   space 17920K, 0% used [0x00000000eda80000,0x00000000eda80000,0x00000000eec00000)
 ParOldGen       total 117760K, used 35970K [0x00000000a0000000, 0x00000000a7300000, 0x00000000e0000000)
  object space 117760K, 30% used [0x00000000a0000000,0x00000000a2320ac8,0x00000000a7300000)
 Metaspace       used 65142K, capacity 67410K, committed 67672K, reserved 1107968K
  class space    used 8785K, capacity 9270K, committed 9304K, reserved 1048576K
}
Event: 115.983 GC heap before
{Heap before GC invocations=17 (full 3):
 PSYoungGen      total 189952K, used 186501K [0x00000000e0000000, 0x00000000eec00000, 0x0000000100000000)
  eden space 173056K, 100% used [0x00000000e0000000,0x00000000ea900000,0x00000000ea900000)
  from space 16896K, 79% used [0x00000000ea900000,0x00000000eb6215c0,0x00000000eb980000)
  to   space 17920K, 0% used [0x00000000eda80000,0x00000000eda80000,0x00000000eec00000)
 ParOldGen       total 117760K, used 35970K [0x00000000a0000000, 0x00000000a7300000, 0x00000000e0000000)
  object space 117760K, 30% used [0x00000000a0000000,0x00000000a2320ac8,0x00000000a7300000)
 Metaspace       used 73035K, capacity 75942K, committed 76248K, reserved 1116160K
  class space    used 9577K, capacity 10194K, committed 10200K, reserved 1048576K
Event: 116.040 GC heap after
Heap after GC invocations=17 (full 3):
 PSYoungGen      total 218112K, used 17919K [0x00000000e0000000, 0x00000000eed80000, 0x0000000100000000)
  eden space 200192K, 0% used [0x00000000e0000000,0x00000000e0000000,0x00000000ec380000)
  from space 17920K, 99% used [0x00000000eda80000,0x00000000eebffc08,0x00000000eec00000)
  to   space 21504K, 0% used [0x00000000ec380000,0x00000000ec380000,0x00000000ed880000)
 ParOldGen       total 117760K, used 39668K [0x00000000a0000000, 0x00000000a7300000, 0x00000000e0000000)
  object space 117760K, 33% used [0x00000000a0000000,0x00000000a26bd300,0x00000000a7300000)
 Metaspace       used 73035K, capacity 75942K, committed 76248K, reserved 1116160K
  class space    used 9577K, capacity 10194K, committed 10200K, reserved 1048576K
}
Event: 128.212 GC heap before
{Heap before GC invocations=18 (full 3):
 PSYoungGen      total 218112K, used 218111K [0x00000000e0000000, 0x00000000eed80000, 0x0000000100000000)
  eden space 200192K, 100% used [0x00000000e0000000,0x00000000ec380000,0x00000000ec380000)
  from space 17920K, 99% used [0x00000000eda80000,0x00000000eebffc08,0x00000000eec00000)
  to   space 21504K, 0% used [0x00000000ec380000,0x00000000ec380000,0x00000000ed880000)
 ParOldGen       total 117760K, used 39668K [0x00000000a0000000, 0x00000000a7300000, 0x00000000e0000000)
  object space 117760K, 33% used [0x00000000a0000000,0x00000000a26bd300,0x00000000a7300000)
 Metaspace       used 78315K, capacity 81446K, committed 81752K, reserved 1120256K
  class space    used 10323K, capacity 10980K, committed 11096K, reserved 1048576K
Event: 128.323 GC heap after
Heap after GC invocations=18 (full 3):
 PSYoungGen      total 221696K, used 21491K [0x00000000e0000000, 0x00000000f1c80000, 0x0000000100000000)
  eden space 200192K, 0% used [0x00000000e0000000,0x00000000e0000000,0x00000000ec380000)
  from space 21504K, 99% used [0x00000000ec380000,0x00000000ed87ccb0,0x00000000ed880000)
  to   space 30208K, 0% used [0x00000000eff00000,0x00000000eff00000,0x00000000f1c80000)
 ParOldGen       total 117760K, used 54200K [0x00000000a0000000, 0x00000000a7300000, 0x00000000e0000000)
  object space 117760K, 46% used [0x00000000a0000000,0x00000000a34ee140,0x00000000a7300000)
 Metaspace       used 78315K, capacity 81446K, committed 81752K, reserved 1120256K
  class space    used 10323K, capacity 10980K, committed 11096K, reserved 1048576K
}

